<?xml version="1.0" encoding="UTF-8"?>
<!-- Generated by org.testng.reporters.JUnitXMLReporter -->
<testsuite ignored="0" hostname="DESKTOP-K5QR6PC" failures="0" tests="11" name="Surefire test" time="25.355" errors="0" timestamp="2024-07-27T11:33:40 IST">
  <testcase classname="API.test.DataDrivenTests" name="testPostUser" time="5.868"/>
  <testcase classname="API.test.DataDrivenTests" name="testPostUser" time="1.517"/>
  <testcase classname="API.test.DataDrivenTests" name="getUserByName" time="1.509"/>
  <testcase classname="API.test.DataDrivenTests" name="getUserByName" time="1.452"/>
  <testcase classname="API.test.DataDrivenTests" name="deleteUserByName" time="1.457"/>
  <testcase classname="API.test.DataDrivenTests" name="deleteUserByName" time="1.48"/>
  <testcase classname="API.test.DemoTest" name="fetchXlData" time="0.016"/>
  <testcase classname="API.test.UserTests" name="testPostUser" time="1.448"/>
  <testcase classname="API.test.UserTests" name="testGetUser" time="1.437"/>
  <testcase classname="API.test.UserTests" name="updateUser" time="1.4"/>
  <testcase classname="API.test.UserTests" name="deleteUser" time="1.466"/>
</testsuite> <!-- Surefire test -->
