<?xml version="1.0" encoding="UTF-8"?>
<!-- Generated by org.testng.reporters.JUnitXMLReporter -->
<testsuite ignored="0" hostname="DESKTOP-K5QR6PC" failures="0" tests="4" name="Default test" time="12.215" errors="0" timestamp="2024-07-23T21:07:39 IST">
  <testcase classname="API.test.UserTests" name="testPostUser" time="7.198"/>
  <testcase classname="API.test.UserTests" name="testGetUser" time="1.507"/>
  <testcase classname="API.test.UserTests" name="updateUser" time="1.448"/>
  <testcase classname="API.test.UserTests" name="deleteUser" time="1.477"/>
</testsuite> <!-- Default test -->
