<?xml version="1.0" encoding="UTF-8"?>
<testng-results ignored="0" total="4" passed="4" failed="0" skipped="0">
  <reporter-output>
  </reporter-output>
  <suite started-at="2024-08-01T23:28:54 IST" name="Pet Suite" finished-at="2024-08-01T23:29:06 IST" duration-ms="11442">
    <groups>
    </groups>
    <test started-at="2024-08-01T23:28:54 IST" name="Pet API Test" finished-at="2024-08-01T23:29:06 IST" duration-ms="11442">
      <class name="API.test.UserTests">
        <test-method is-config="true" signature="setup()[pri:0, instance:API.test.UserTests@8458f04]" started-at="2024-08-01T23:28:54 IST" name="setup" finished-at="2024-08-01T23:28:56 IST" duration-ms="1383" status="PASS">
          <reporter-output>
          </reporter-output>
        </test-method> <!-- setup -->
        <test-method signature="testPostUser()[pri:1, instance:API.test.UserTests@8458f04]" started-at="2024-08-01T23:28:56 IST" name="testPostUser" finished-at="2024-08-01T23:29:02 IST" duration-ms="5613" status="PASS">
          <reporter-output>
          </reporter-output>
        </test-method> <!-- testPostUser -->
        <test-method signature="testGetUser()[pri:2, instance:API.test.UserTests@8458f04]" started-at="2024-08-01T23:29:02 IST" name="testGetUser" finished-at="2024-08-01T23:29:03 IST" duration-ms="1527" status="PASS">
          <reporter-output>
          </reporter-output>
        </test-method> <!-- testGetUser -->
        <test-method signature="updateUser()[pri:3, instance:API.test.UserTests@8458f04]" started-at="2024-08-01T23:29:03 IST" name="updateUser" finished-at="2024-08-01T23:29:04 IST" duration-ms="1386" status="PASS">
          <reporter-output>
          </reporter-output>
        </test-method> <!-- updateUser -->
        <test-method signature="deleteUser()[pri:4, instance:API.test.UserTests@8458f04]" started-at="2024-08-01T23:29:04 IST" name="deleteUser" finished-at="2024-08-01T23:29:06 IST" duration-ms="1418" status="PASS">
          <reporter-output>
          </reporter-output>
        </test-method> <!-- deleteUser -->
      </class> <!-- API.test.UserTests -->
    </test> <!-- Pet API Test -->
  </suite> <!-- Pet Suite -->
</testng-results>
