<?xml version="1.0" encoding="UTF-8"?>
<testng-results ignored="0" total="4" passed="4" failed="0" skipped="0">
  <reporter-output>
  </reporter-output>
  <suite started-at="2024-07-27T11:46:03 IST" name="Pet Suite" finished-at="2024-07-27T11:46:16 IST" duration-ms="13276">
    <groups>
    </groups>
    <test started-at="2024-07-27T11:46:03 IST" name="Pet API Test" finished-at="2024-07-27T11:46:16 IST" duration-ms="13276">
      <class name="API.test.UserTests">
        <test-method is-config="true" signature="setup()[pri:0, instance:API.test.UserTests@8458f04]" started-at="2024-07-27T11:46:03 IST" name="setup" finished-at="2024-07-27T11:46:05 IST" duration-ms="2222" status="PASS">
          <reporter-output>
          </reporter-output>
        </test-method> <!-- setup -->
        <test-method signature="testPostUser()[pri:1, instance:API.test.UserTests@8458f04]" started-at="2024-07-27T11:46:05 IST" name="testPostUser" finished-at="2024-07-27T11:46:12 IST" duration-ms="7078" status="PASS">
          <reporter-output>
          </reporter-output>
        </test-method> <!-- testPostUser -->
        <test-method signature="testGetUser()[pri:2, instance:API.test.UserTests@8458f04]" started-at="2024-07-27T11:46:12 IST" name="testGetUser" finished-at="2024-07-27T11:46:14 IST" duration-ms="1337" status="PASS">
          <reporter-output>
          </reporter-output>
        </test-method> <!-- testGetUser -->
        <test-method signature="updateUser()[pri:3, instance:API.test.UserTests@8458f04]" started-at="2024-07-27T11:46:14 IST" name="updateUser" finished-at="2024-07-27T11:46:15 IST" duration-ms="1290" status="PASS">
          <reporter-output>
          </reporter-output>
        </test-method> <!-- updateUser -->
        <test-method signature="deleteUser()[pri:4, instance:API.test.UserTests@8458f04]" started-at="2024-07-27T11:46:15 IST" name="deleteUser" finished-at="2024-07-27T11:46:16 IST" duration-ms="1252" status="PASS">
          <reporter-output>
          </reporter-output>
        </test-method> <!-- deleteUser -->
      </class> <!-- API.test.UserTests -->
    </test> <!-- Pet API Test -->
  </suite> <!-- Pet Suite -->
</testng-results>
