<?xml version="1.0" encoding="UTF-8"?>
<testng-results ignored="0" total="4" passed="4" failed="0" skipped="0">
  <reporter-output>
  </reporter-output>
  <suite started-at="2024-07-27T11:04:46 IST" name="Pet Suite" finished-at="2024-07-27T11:05:00 IST" duration-ms="13997">
    <groups>
    </groups>
    <test started-at="2024-07-27T11:04:46 IST" name="Pet API Test" finished-at="2024-07-27T11:05:00 IST" duration-ms="13997">
      <class name="API.test.UserTests">
        <test-method is-config="true" signature="setup()[pri:0, instance:API.test.UserTests@1c33c17b]" started-at="2024-07-27T11:04:46 IST" name="setup" finished-at="2024-07-27T11:04:49 IST" duration-ms="2720" status="PASS">
          <reporter-output>
          </reporter-output>
        </test-method> <!-- setup -->
        <test-method signature="testPostUser()[pri:1, instance:API.test.UserTests@1c33c17b]" started-at="2024-07-27T11:04:49 IST" name="testPostUser" finished-at="2024-07-27T11:04:56 IST" duration-ms="6804" status="PASS">
          <reporter-output>
          </reporter-output>
        </test-method> <!-- testPostUser -->
        <test-method signature="testGetUser()[pri:2, instance:API.test.UserTests@1c33c17b]" started-at="2024-07-27T11:04:56 IST" name="testGetUser" finished-at="2024-07-27T11:04:57 IST" duration-ms="1414" status="PASS">
          <reporter-output>
          </reporter-output>
        </test-method> <!-- testGetUser -->
        <test-method signature="updateUser()[pri:3, instance:API.test.UserTests@1c33c17b]" started-at="2024-07-27T11:04:57 IST" name="updateUser" finished-at="2024-07-27T11:04:59 IST" duration-ms="1482" status="PASS">
          <reporter-output>
          </reporter-output>
        </test-method> <!-- updateUser -->
        <test-method signature="deleteUser()[pri:4, instance:API.test.UserTests@1c33c17b]" started-at="2024-07-27T11:04:59 IST" name="deleteUser" finished-at="2024-07-27T11:05:00 IST" duration-ms="1372" status="PASS">
          <reporter-output>
          </reporter-output>
        </test-method> <!-- deleteUser -->
      </class> <!-- API.test.UserTests -->
    </test> <!-- Pet API Test -->
  </suite> <!-- Pet Suite -->
</testng-results>
