<?xml version="1.0" encoding="UTF-8"?>
<!-- Generated by org.testng.reporters.JUnitXMLReporter -->
<testsuite ignored="0" hostname="DESKTOP-K5QR6PC" failures="0" tests="4" name="Pet API Test" time="13.276" errors="0" timestamp="2024-07-27T11:46:18 IST">
  <testcase classname="API.test.UserTests" name="testPostUser" time="7.078"/>
  <testcase classname="API.test.UserTests" name="testGetUser" time="1.337"/>
  <testcase classname="API.test.UserTests" name="updateUser" time="1.29"/>
  <testcase classname="API.test.UserTests" name="deleteUser" time="1.252"/>
</testsuite> <!-- Pet API Test -->
