<?xml version="1.0" encoding="UTF-8"?>
<!-- Generated by org.testng.reporters.JUnitXMLReporter -->
<testsuite ignored="0" hostname="DESKTOP-K5QR6PC" failures="0" tests="4" name="Pet API Test" time="24.248" errors="0" timestamp="2024-08-01T21:58:19 IST">
  <testcase classname="API.test.UserTests" name="testPostUser" time="7.751"/>
  <testcase classname="API.test.UserTests" name="testGetUser" time="4.243"/>
  <testcase classname="API.test.UserTests" name="updateUser" time="7.943"/>
  <testcase classname="API.test.UserTests" name="deleteUser" time="2.612"/>
</testsuite> <!-- Pet API Test -->
