<?xml version="1.0" encoding="UTF-8"?>
<!-- Generated by org.testng.reporters.JUnitXMLReporter -->
<testsuite ignored="0" hostname="DESKTOP-K5QR6PC" failures="0" tests="4" name="Pet API Test" time="10.44" errors="0" timestamp="2024-07-28T21:49:39 IST">
  <testcase classname="API.test.UserTests" name="testPostUser" time="4.77"/>
  <testcase classname="API.test.UserTests" name="testGetUser" time="1.306"/>
  <testcase classname="API.test.UserTests" name="updateUser" time="1.277"/>
  <testcase classname="API.test.UserTests" name="deleteUser" time="1.255"/>
</testsuite> <!-- Pet API Test -->
